Copyright 1986-2020 Xilinx, Inc. All Rights Reserved.
---------------------------------------------------------------------------------------------
| Tool Version : Vivado v.2020.1 (win64) Build 2902540 Wed May 27 19:54:49 MDT 2020
| Date         : Thu Sep 17 11:39:28 2020
| Host         : the-churchill running 64-bit major release  (build 9200)
| Command      : report_control_sets -verbose -file design_1_wrapper_control_sets_placed.rpt
| Design       : design_1_wrapper
| Device       : xc7a100t
---------------------------------------------------------------------------------------------

Control Set Information

Table of Contents
-----------------
1. Summary
2. Histogram
3. Flip-Flop Distribution
4. Detailed Control Set Information

1. Summary
----------

+----------------------------------------------------------+-------+
|                          Status                          | Count |
+----------------------------------------------------------+-------+
| Total control sets                                       |     4 |
|    Minimum number of control sets                        |     4 |
|    Addition due to synthesis replication                 |     0 |
|    Addition due to physical synthesis replication        |     0 |
| Unused register locations in slices containing registers |    24 |
+----------------------------------------------------------+-------+
* Control sets can be merged at opt_design using control_set_merge or merge_equivalent_drivers
** Run report_qor_suggestions for automated merging and remapping suggestions


2. Histogram
------------

+--------------------+-------+
|       Fanout       | Count |
+--------------------+-------+
| Total control sets |     4 |
| >= 0 to < 4        |     0 |
| >= 4 to < 6        |     0 |
| >= 6 to < 8        |     0 |
| >= 8 to < 10       |     0 |
| >= 10 to < 12      |     3 |
| >= 12 to < 14      |     0 |
| >= 14 to < 16      |     0 |
| >= 16              |     1 |
+--------------------+-------+
* Control sets can be remapped at either synth_design or opt_design


3. Flip-Flop Distribution
-------------------------

+--------------+-----------------------+------------------------+-----------------+--------------+
| Clock Enable | Synchronous Set/Reset | Asynchronous Set/Reset | Total Registers | Total Slices |
+--------------+-----------------------+------------------------+-----------------+--------------+
| No           | No                    | No                     |              11 |            3 |
| No           | No                    | Yes                    |               0 |            0 |
| No           | Yes                   | No                     |              17 |            5 |
| Yes          | No                    | No                     |              20 |           10 |
| Yes          | No                    | Yes                    |               0 |            0 |
| Yes          | Yes                   | No                     |               0 |            0 |
+--------------+-----------------------+------------------------+-----------------+--------------+


4. Detailed Control Set Information
-----------------------------------

+-------------------------------------+-------------------------------------------------+------------------------------+------------------+----------------+--------------+
|             Clock Signal            |                  Enable Signal                  |       Set/Reset Signal       | Slice Load Count | Bel Load Count | Bels / Slice |
+-------------------------------------+-------------------------------------------------+------------------------------+------------------+----------------+--------------+
|  design_1_i/clk_wiz_0/inst/clk_out1 | design_1_i/PWMAudio_0/U0/pd0/compare[9]_i_1_n_0 |                              |                6 |             10 |         1.67 |
|  design_1_i/clk_wiz_0/inst/clk_out1 | design_1_i/PWMAudio_0/U0/sel                    |                              |                4 |             10 |         2.50 |
|  design_1_i/clk_wiz_0/inst/clk_out1 |                                                 |                              |                3 |             11 |         3.67 |
|  design_1_i/clk_wiz_0/inst/clk_out1 |                                                 | design_1_i/PWMAudio_0/U0/sel |                5 |             17 |         3.40 |
+-------------------------------------+-------------------------------------------------+------------------------------+------------------+----------------+--------------+


