INFO: latexindent.pl version 3.8.2, 2020-06-10, a script to indent .tex files
      latexindent.pl lives here: C:/Users/danie/AppData/Local/Programs/MiKTeX/scripts/latexindent/
      Wed Oct 14 14:41:36 2020
      Filename: c:/Users/danie/uni/2020/ECEN301/ass/eisendani_ass3/__latexindent_temp.tex
INFO: Processing switches:
      -y|--yaml: YAML settings specified via command line
      -c|--cruft: cruft directory
INFO: Directory for backup files and c:/Users/danie/uni/2020/RESE412/Project_3/report//indent.log: c:/Users/danie/uni/2020/RESE412/Project_3/report/
INFO: Perl modules are being loaded from the following directories:
      C:/Strawberry/perl/lib/FindBin.pm
      C:/Strawberry/perl/vendor/lib/YAML/Tiny.pm
      C:/Strawberry/perl/lib/File/Copy.pm
      C:/Strawberry/perl/lib/File/Basename.pm
      C:/Strawberry/perl/lib/Getopt/Long.pm
      C:/Strawberry/perl/vendor/lib/File/HomeDir.pm
      C:/Strawberry/perl/vendor/lib/Unicode/GCString.pm
      C:/Strawberry/perl/site/lib/Log/Log4perl.pm
INFO: Latex Indent perl modules are being loaded from, for example:
      C:/Users/danie/AppData/Local/Programs/MiKTeX/scripts/latexindent/LatexIndent/Document.pm
INFO: YAML settings read: defaultSettings.yaml
      Reading defaultSettings.yaml from C:/Users/danie/AppData/Local/Programs/MiKTeX/scripts/latexindent/defaultSettings.yaml
INFO: YAML settings read: indentconfig.yaml or .indentconfig.yaml
      Home directory is C:\Users\danie (didn't find either indentconfig.yaml or .indentconfig.yaml)
      To specify user settings you would put indentconfig.yaml here: C:\Users\danie/indentconfig.yaml
      Alternatively, you can use the hidden file .indentconfig.yaml as: C:\Users\danie/.indentconfig.yaml
INFO: YAML settings read: -y switch
      Updating masterSettings with defaultIndent:     
INFO: Phase 1: searching for objects
INFO: Phase 2: finding surrounding indentation
INFO: Phase 3: indenting objects
INFO: Phase 4: final indentation check
INFO: Output routine:
      Not outputting to file; see -w and -o switches for more options.
      --------------
INFO: Please direct all communication/issues to:
      https://github.com/cmhughes/latexindent.pl
